4

File Contents:
Measurement type,Year,Month,Day,Hour,Minute,Second,Reference A/D,Current A/D,CH4 (PPM),Corrected disolved CH4 (PPM),Pressure sensor temperature,Pressure,IRGA detector temperature,Supply voltage, Board temperature A/D,Analog in 1 A/D,Analog in 2 A/D
%s,%4.0f,%2.0f,%2.0f,%2.0f,%2.0f,%2.0f,%5.0f,%5.0f,%07.1f,%03.2f,%02.1f,%4.1f,%02.1f,%02.1f,%04.0f,%04.0f,%04.0f
W M,2017,10,19,13,27,35,553,1355,-1250000.000,-1272038.500,14.238,982.675,2.590,6.9,4095,2509,1922
W M,2017,10,19,13,27,57,559,1363,-1250000.000,-1271660.375,14.042,982.967,3.001,6.8,4095,2545,1934
W M,2017,10,19,13,28,19,557,1362,0.000,0.000,13.857,982.857,3.294,6.8,4095,2574,1924
W M,2017,10,19,13,28,41,557,1361,0.000,0.000,13.657,982.810,3.529,6.8,4095,2575,1898
W M,2017,10,19,13,29,03,557,1360,0.000,0.000,13.464,982.779,3.705,6.9,4095,2545,1909
W M,2017,10,19,13,29,25,558,1360,0.000,0.000,13.274,982.660,3.822,6.8,4095,2530,1902
W M,2017,10,19,13,29,47,558,1360,0.000,0.000,13.077,982.697,3.940,6.8,4095,2529,1900
W M,2017,10,19,13,30,09,558,1359,0.000,0.000,12.886,982.725,3.998,6.8,4095,2567,1902
W M,2017,10,19,13,30,31,558,1359,0.000,0.000,12.667,982.587,3.998,6.8,4095,2536,1909
W M,2017,10,19,13,30,53,557,1359,0.000,0.000,12.496,982.562,3.998,6.8,4095,2607,1934
W M,2017,10,19,13,31,15,557,1358,0.000,0.000,12.286,987.458,3.998,6.8,4095,2554,1939
W M,2017,10,19,13,31,37,556,1355,0.000,0.000,12.078,1009.104,3.998,6.8,4095,2654,1978
W M,2017,10,19,13,31,59,557,1354,0.000,0.000,11.781,990.367,3.881,6.8,4095,2541,1926
W M,2017,10,19,13,32,21,557,1352,0.000,0.000,11.374,991.827,3.764,6.8,4095,2544,1899
W M,2017,10,19,13,32,43,557,1349,0.000,0.000,10.891,983.619,3.529,6.8,4095,2587,1898
W M,2017,10,19,13,33,05,557,1347,1000.000,1009.805,10.386,990.290,3.294,6.8,4095,2569,1943
W M,2017,10,19,13,33,27,557,1345,1000.000,1016.469,9.838,983.797,2.942,6.9,4095,2566,1915
W M,2017,10,19,13,33,49,557,1342,1000.000,1012.178,9.312,987.969,2.590,6.9,4095,2562,1929
W M,2017,10,19,13,34,11,557,1341,1000.000,1009.190,8.815,990.894,2.238,6.8,4095,2608,1938
W M,2017,10,19,13,34,33,557,1339,1000.000,1012.656,8.321,987.502,1.886,6.9,4007,2630,2008
W M,2017,10,19,13,34,55,557,1337,1000.000,1010.254,7.868,989.850,1.534,6.8,4030,2620,2001
W M,2017,10,19,13,35,17,557,1336,2000.000,2025.496,7.431,987.413,1.123,6.7,3987,2659,1990
W M,2017,10,19,13,35,39,557,1335,2000.000,2023.821,7.015,988.230,0.712,6.8,4028,2657,1999
W M,2017,10,19,13,36,01,557,1334,2000.000,2019.323,6.642,990.431,0.419,6.8,4095,2611,1981
W M,2017,10,19,13,36,23,553,1333,1000.000,1011.802,6.300,988.335,0.067,6.8,4095,2646,1999
W M,2017,10,19,13,36,45,555,1332,2000.000,2023.859,5.964,988.211,-0.285,6.8,4066,2632,1997
W M,2017,10,19,13,37,07,556,1331,2000.000,2031.153,5.675,984.663,-0.637,6.8,4095,2673,2013
W M,2017,10,19,13,37,29,557,1330,3000.000,3043.454,5.382,985.722,-0.930,6.8,4095,2666,2035
W M,2017,10,19,13,37,51,558,1329,3000.000,3034.848,5.113,988.518,-1.165,6.8,4063,2697,2026
W M,2017,10,19,13,38,13,557,1329,3000.000,3054.158,4.870,982.267,-1.459,6.8,4023,2675,2028
W M,2017,10,19,13,38,35,558,1329,3000.000,3054.757,4.639,982.075,-1.752,6.8,4095,2646,2010
W M,2017,10,19,13,38,57,558,1329,3000.000,3050.573,4.428,983.422,-1.987,6.8,4095,2674,1995
W M,2017,10,19,13,39,19,558,1328,3000.000,3043.208,4.221,985.802,-2.163,6.8,4061,2710,2024
W M,2017,10,19,13,39,41,559,1328,4000.000,4069.842,4.022,982.839,-2.397,6.8,4095,2656,2034
W M,2017,10,19,13,40,03,558,1328,3000.000,3037.403,3.843,987.686,-2.573,6.8,3991,2638,1998
W M,2017,10,19,13,40,25,558,1327,4000.000,4059.398,3.666,985.368,-2.749,6.8,4095,2647,2035
W M,2017,10,19,13,40,47,559,1326,4000.000,4068.496,3.496,983.164,-2.925,6.8,4095,2683,2049
W M,2017,10,19,13,41,09,559,1325,5000.000,5068.736,3.355,986.439,-3.101,6.8,4095,2672,2018
W M,2017,10,19,13,41,31,559,1324,5000.000,5076.618,3.199,984.908,-3.219,6.8,4091,2651,2012
W M,2017,10,19,13,41,53,559,1323,5000.000,5082.985,3.077,983.674,-3.395,6.8,4083,2675,2022
W M,2017,10,19,13,42,15,559,1323,5000.000,5075.254,2.951,985.172,-3.512,6.8,4095,2671,2004
W M,2017,10,19,13,42,37,559,1322,5000.000,5082.731,2.828,983.723,-3.630,6.8,4094,2699,2008
W M,2017,10,19,13,42,59,559,1322,5000.000,5067.938,2.718,986.595,-3.747,6.8,4095,2642,2031
W M,2017,10,19,13,43,21,559,1321,6000.000,6104.693,2.612,982.850,-3.864,6.8,4095,2644,2026
W M,2017,10,19,13,43,43,559,1320,6000.000,6094.309,2.503,984.525,-3.982,6.8,4065,2690,2023
W M,2017,10,19,13,44,05,559,1319,6000.000,6089.034,2.400,985.378,-4.040,6.8,4048,2710,2043
W M,2017,10,19,13,44,27,559,1318,6000.000,6088.398,2.326,985.481,-4.158,6.8,4095,2803,2051
W M,2017,10,19,13,44,49,559,1318,6000.000,6100.581,2.219,983.513,-4.275,6.8,4095,2728,2025
W M,2017,10,19,13,45,11,559,1317,7000.000,7101.871,2.145,985.656,-4.334,6.8,4095,2735,2048
W M,2017,10,19,13,45,33,559,1316,7000.000,7127.293,2.081,982.140,-4.392,6.8,3991,2678,2020
W M,2017,10,19,13,45,55,559,1316,7000.000,7124.054,2.002,982.587,-4.451,6.8,4095,2710,2046
W M,2017,10,19,13,46,17,559,1316,7000.000,7111.668,1.928,984.298,-4.510,6.8,4095,2768,2062
W M,2017,10,19,13,46,39,559,1315,7000.000,7112.474,1.876,984.186,-4.627,6.8,4095,2756,2057
W M,2017,10,19,13,47,01,560,1315,8000.000,8135.668,1.794,983.324,-4.686,6.8,4095,2740,2060
W M,2017,10,19,13,47,23,559,1314,8000.000,8113.979,1.763,985.953,-4.686,6.8,4095,2726,2045
W M,2017,10,19,13,47,45,559,1313,8000.000,8099.322,1.681,987.737,-4.803,6.8,4095,2785,2072
W M,2017,10,19,13,48,07,559,1313,8000.000,8120.557,1.633,985.154,-4.803,6.8,4083,2773,2049
W M,2017,10,19,13,48,29,559,1312,8000.000,8120.989,1.561,985.102,-4.803,6.7,4095,2719,2088
W M,2017,10,19,13,48,51,559,1311,8000.000,8120.966,1.518,985.104,-4.920,6.8,4095,2749,2057
W M,2017,10,19,13,49,13,559,1311,8000.000,8127.359,1.474,984.330,-4.920,6.8,4095,2790,2061
W M,2017,10,19,13,49,35,559,1310,8000.000,8124.957,1.416,984.621,-4.979,6.8,4095,2731,2052
W M,2017,10,19,13,49,57,559,1309,9000.000,9132.019,1.387,985.543,-4.979,6.8,4095,2645,2030
W M,2017,10,19,13,50,19,559,1309,9000.000,9156.311,1.327,982.929,-5.038,6.8,4095,2667,2045
W M,2017,10,19,13,50,41,559,1309,9000.000,9148.998,1.291,983.714,-5.096,6.8,4095,2682,2086
W M,2017,10,19,13,51,03,559,1309,9000.000,9133.920,1.265,985.338,-5.096,6.8,4011,2702,2043
W M,2017,10,19,13,51,25,559,1308,9000.000,9117.016,1.228,987.165,-5.096,6.8,4095,2598,2031
W M,2017,10,19,13,51,47,559,1307,9000.000,9151.295,1.177,983.467,-5.155,6.7,4095,2747,2067
W M,2017,10,19,13,52,09,558,1307,9000.000,9148.352,1.169,983.784,-5.155,6.7,4095,2781,2061
W M,2017,10,19,13,52,31,559,1306,10000.000,10139.438,1.117,986.248,-5.214,6.7,4095,2723,2045
W M,2017,10,19,13,52,53,559,1306,10000.000,10166.300,1.104,983.642,-5.214,6.8,4095,2742,2072
W M,2017,10,19,13,53,15,559,1306,10000.000,10156.284,1.082,984.612,-5.214,6.8,4095,2798,2088
W M,2017,10,19,13,53,37,559,1306,10000.000,10167.683,1.047,983.508,-5.272,6.8,4095,2807,2097
W M,2017,10,19,13,53,59,559,1305,10000.000,10136.240,1.028,986.559,-5.272,6.7,4095,2722,2042
W M,2017,10,19,13,54,21,558,1305,10000.000,10177.106,0.984,982.598,-5.272,6.8,4095,2788,2063
W M,2017,10,19,13,54,43,559,1304,10000.000,10170.919,0.979,983.195,-5.272,6.8,4095,2735,2061
W M,2017,10,19,13,55,05,558,1304,10000.000,10196.952,0.934,980.685,-5.331,6.7,4095,2725,2057
W M,2017,10,19,13,55,27,558,1303,10000.000,10148.660,0.926,985.352,-5.331,6.7,4095,2774,2076
W M,2017,10,19,13,55,49,558,1303,10000.000,10143.437,0.898,985.859,-5.331,6.8,4095,2733,2062
W M,2017,10,19,13,56,11,559,1303,11000.000,11181.899,0.883,983.733,-5.390,6.8,4095,2781,2061
W M,2017,10,19,13,56,33,558,1302,11000.000,11159.636,0.873,985.695,-5.390,6.7,4095,2747,2064
W M,2017,10,19,13,56,55,558,1302,11000.000,11139.817,0.858,987.449,-5.390,6.7,4095,2758,2064
W M,2017,10,19,13,57,17,558,1302,11000.000,11177.450,0.831,984.124,-5.390,6.8,3987,2693,2046
W M,2017,10,19,13,57,39,558,1301,11000.000,11163.245,0.817,985.377,-5.390,6.7,4095,2728,2050
W M,2017,10,19,13,58,01,558,1300,11000.000,11148.252,0.770,986.702,-5.390,6.7,4095,2744,2082
W M,2017,10,19,13,58,23,559,1300,12000.000,12187.875,0.756,984.585,-5.448,6.8,4095,2762,2063
W M,2017,10,19,13,58,45,558,1300,11000.000,11160.025,0.771,985.661,-5.448,6.8,4095,2741,2055
W M,2017,10,19,13,59,07,558,1300,12000.000,12206.283,0.671,983.100,-5.448,6.7,4095,2790,2048
W M,2017,10,19,13,59,29,559,1300,12000.000,12198.831,0.728,983.701,-5.390,6.7,4095,2748,2055
W M,2017,10,19,13,59,51,559,1299,12000.000,12184.743,0.715,984.838,-5.448,6.7,4095,2779,2068
W M,2017,10,19,14,00,13,559,1299,12000.000,12180.895,0.708,985.149,-5.448,6.8,4095,2777,2070
W M,2017,10,19,14,00,35,559,1299,12000.000,12183.183,0.698,984.964,-5.448,6.7,4095,2733,2066
W M,2017,10,19,14,00,57,559,1298,12000.000,12185.606,0.706,984.768,-5.448,6.8,4095,2788,2077
W M,2017,10,19,14,01,19,559,1298,12000.000,12195.894,0.684,983.938,-5.448,6.8,4095,2785,2056
W M,2017,10,19,14,01,41,558,1298,12000.000,12204.099,0.675,983.276,-5.448,6.7,4095,2738,2055
W M,2017,10,19,14,02,03,558,1297,12000.000,12168.799,0.674,986.129,-5.448,6.7,4095,2777,2105
W M,2017,10,19,14,02,25,558,1297,12000.000,12186.900,0.651,984.664,-5.507,6.8,4095,2721,2054
W M,2017,10,19,14,02,47,558,1297,12000.000,12183.177,0.653,984.965,-5.448,6.8,4095,2794,2075
W M,2017,10,19,14,03,09,558,1297,12000.000,12162.156,0.662,986.667,-5.448,6.8,4095,2699,2063
W M,2017,10,19,14,03,31,558,1296,12000.000,12166.868,0.643,986.285,-5.448,6.7,4095,2718,2046
W M,2017,10,19,14,03,53,558,1296,13000.001,13175.329,0.651,986.693,-5.448,6.7,4095,2687,2065
W M,2017,10,19,14,04,15,558,1296,13000.001,13196.220,0.644,985.131,-5.448,6.7,4095,2748,2053
W M,2017,10,19,14,04,37,558,1296,13000.001,13195.148,0.636,985.211,-5.507,6.8,4095,2685,2031
W M,2017,10,19,14,04,59,558,1296,13000.001,13206.003,0.621,984.401,-5.448,6.7,4007,2716,2046
W M,2017,10,19,14,05,21,558,1296,13000.001,13180.672,0.622,986.293,-5.507,6.7,4059,2697,2065
W M,2017,10,19,14,05,43,558,1296,13000.001,13196.708,0.616,985.094,-5.507,6.6,4095,2752,2061
W M,2017,10,19,14,06,05,558,1295,13000.001,13220.921,0.607,983.290,-5.507,6.8,4095,2748,2076
W M,2017,10,19,14,06,27,558,1295,13000.001,13191.058,0.607,985.516,-5.507,6.7,4095,2763,2050
W M,2017,10,19,14,06,49,558,1295,13000.001,13184.408,0.598,986.013,-5.507,6.7,4095,2737,2084
W M,2017,10,19,14,07,11,558,1295,13000.001,13210.904,0.594,984.036,-5.507,6.7,4095,2800,2084
W M,2017,10,19,14,07,33,558,1294,13000.001,13184.167,0.580,986.031,-5.507,6.8,4095,2790,2067
W M,2017,10,19,14,07,55,558,1294,13000.001,13191.142,0.589,985.510,-5.507,6.7,4095,2753,2079
W M,2017,10,19,14,08,17,558,1294,13000.001,13232.786,0.592,982.408,-5.507,6.7,4095,2763,2062
W M,2017,10,19,14,08,39,558,1294,13000.001,13200.096,0.593,984.841,-5.507,6.8,4095,2775,2068
W M,2017,10,19,14,09,01,558,1294,13000.001,13216.563,0.575,983.614,-5.507,6.7,4095,2790,2082
W M,2017,10,19,14,09,23,558,1294,13000.001,13215.810,0.579,983.670,-5.507,6.8,4095,2779,2073
W M,2017,10,19,14,09,45,558,1293,13000.001,13185.911,0.583,985.901,-5.507,6.8,4095,2706,2049
W M,2017,10,19,14,10,07,558,1293,13000.001,13237.332,0.583,982.071,-5.507,6.8,4095,2758,2057
W M,2017,10,19,14,10,29,558,1293,13000.001,13223.912,0.567,983.068,-5.507,6.7,4095,2766,2076
W M,2017,10,19,14,10,51,558,1293,14000.000,14217.274,0.562,984.718,-5.507,6.7,4095,2794,2056
W M,2017,10,19,14,11,13,558,1293,14000.000,14221.833,0.559,984.402,-5.507,6.8,4095,2771,2087
W M,2017,10,19,14,11,35,558,1293,14000.000,14228.002,0.558,983.975,-5.507,6.7,4095,2741,2089
W M,2017,10,19,14,11,57,558,1293,14000.000,14221.091,0.559,984.453,-5.507,6.7,4095,2733,2075
W M,2017,10,19,14,12,19,558,1293,14000.000,14207.204,0.551,985.416,-5.507,6.7,4095,2760,2062
W M,2017,10,19,14,12,41,558,1293,13000.001,13201.756,0.550,984.718,-5.507,6.7,4095,2799,2078
W M,2017,10,19,14,13,03,558,1293,14000.000,14232.352,0.541,983.674,-5.507,6.8,4095,2797,2078
W M,2017,10,19,14,13,25,558,1292,14000.000,14198.228,0.540,986.039,-5.507,6.7,4095,2757,2064
W M,2017,10,19,14,13,47,558,1292,14000.000,14195.273,0.543,986.244,-5.507,6.7,4095,2763,2089
W M,2017,10,19,14,14,09,558,1292,14000.000,14220.687,0.538,984.481,-5.507,6.7,4095,2743,2067
W M,2017,10,19,14,14,31,558,1292,14000.000,14235.826,0.525,983.434,-5.507,6.7,4095,2767,2087
W M,2017,10,19,14,14,53,558,1292,14000.000,14191.318,0.517,986.519,-5.566,6.7,4095,2760,2085
W M,2017,10,19,14,15,15,558,1292,14000.000,14229.083,0.526,983.900,-5.507,6.7,4095,2716,2054
W M,2017,10,19,14,15,37,558,1292,14000.000,14191.683,0.540,986.493,-5.507,6.7,4012,2709,2060
W M,2017,10,19,14,15,59,558,1292,14000.000,14192.652,0.529,986.426,-5.507,6.7,4040,2745,2057
W M,2017,10,19,14,16,21,558,1292,14000.000,14207.632,0.513,985.386,-5.507,6.8,4095,2728,2055
W M,2017,10,19,14,16,43,558,1292,14000.000,14220.344,0.524,984.505,-5.507,6.7,4095,2702,2038
W M,2017,10,19,14,17,05,558,1292,14000.000,14207.933,0.506,985.365,-5.507,6.7,4095,2660,2045
W M,2017,10,19,14,17,27,558,1292,14000.000,14201.966,0.506,985.779,-5.507,6.8,4095,2750,2062
W M,2017,10,19,14,17,49,558,1292,14000.000,14191.971,0.504,986.473,-5.507,6.8,4095,2811,2060
W M,2017,10,19,14,18,11,558,1292,14000.000,14195.048,0.510,986.259,-5.507,6.7,4095,2761,2071
W M,2017,10,19,14,18,33,558,1292,14000.000,14199.363,0.506,985.960,-5.507,6.7,4095,2809,2090
W M,2017,10,19,14,18,55,558,1292,14000.000,14194.683,0.496,986.285,-5.507,6.7,4095,2764,2067
W M,2017,10,19,14,19,17,558,1292,14000.000,14196.092,0.498,986.187,-5.507,6.7,4095,2795,2078
W M,2017,10,19,14,19,39,558,1292,14000.000,14189.497,0.492,986.645,-5.507,6.8,4095,2797,2076
W M,2017,10,19,14,20,01,558,1292,14000.000,14171.032,0.490,987.931,-5.507,6.7,4095,2785,2073
W M,2017,10,19,14,20,23,558,1292,14000.000,14169.391,0.493,988.045,-5.507,6.7,4095,2804,2083
W M,2017,10,19,14,20,45,558,1292,14000.000,14184.559,0.497,986.989,-5.507,6.6,4095,2771,2089
W M,2017,10,19,14,21,07,558,1292,14000.000,14179.665,0.493,987.329,-5.507,6.7,4095,2736,2082
W M,2017,10,19,14,21,29,558,1292,14000.000,14200.985,0.491,985.847,-5.507,6.7,4095,2796,2085
W M,2017,10,19,14,21,51,558,1292,14000.000,14160.946,0.502,988.635,-5.507,6.7,4095,2725,2058
W M,2017,10,19,14,22,13,558,1292,14000.000,14155.329,0.489,989.027,-5.507,6.7,4095,2784,2075
W M,2017,10,19,14,22,35,558,1292,14000.000,14151.562,0.484,989.290,-5.507,6.7,4095,2760,2066
W M,2017,10,19,14,22,57,558,1292,14000.000,14150.984,0.476,989.331,-5.507,6.7,4095,2727,2059
W M,2017,10,19,14,23,19,558,1292,14000.000,14175.265,0.476,987.636,-5.507,6.7,4095,2660,2038
W M,2017,10,19,14,23,41,558,1292,14000.000,14137.271,0.485,990.290,-5.507,6.7,4055,2715,2050
W M,2017,10,19,14,24,03,558,1292,14000.000,14138.092,0.495,990.233,-5.507,6.7,4095,2707,2050
W M,2017,10,19,14,24,25,558,1292,14000.000,14135.771,0.476,990.395,-5.507,6.7,4095,2808,2076
W M,2017,10,19,14,24,47,558,1292,14000.000,14119.864,0.486,991.511,-5.507,6.7,4095,2753,2074
W M,2017,10,19,14,25,09,557,1292,14000.000,14148.109,0.481,989.532,-5.507,6.7,4095,2761,2071
W M,2017,10,19,14,25,31,557,1292,13000.001,13120.469,0.483,990.818,-5.507,6.7,4095,2777,2076
W M,2017,10,19,14,25,53,557,1292,13000.001,13133.651,0.481,989.824,-5.507,6.7,4095,2805,2095
W M,2017,10,19,14,26,15,557,1292,14000.000,14133.422,0.466,990.560,-5.507,6.7,4095,2797,2078
W M,2017,10,19,14,26,37,558,1292,14000.000,14103.958,0.482,992.629,-5.507,6.7,4095,2774,2067
W M,2017,10,19,14,26,59,558,1292,14000.000,14129.090,0.471,990.864,-5.507,6.7,4095,2763,2053
W M,2017,10,19,14,27,21,558,1292,14000.000,14127.727,0.473,990.959,-5.507,6.7,4095,2720,2060
W M,2017,10,19,14,27,43,558,1292,14000.000,14111.545,0.484,992.095,-5.507,6.7,4095,2729,2064
W M,2017,10,19,14,28,05,558,1292,14000.000,14101.627,0.474,992.793,-5.448,6.7,4095,2749,2072
W M,2017,10,19,14,28,27,558,1292,14000.000,14116.921,0.473,991.718,-5.507,6.7,4095,2793,2087
W M,2017,10,19,14,28,49,558,1292,14000.000,14098.296,0.468,993.028,-5.507,6.7,4095,2796,2079
W M,2017,10,19,14,29,11,558,1292,14000.000,14109.257,0.470,992.256,-5.507,6.7,4095,2777,2066
W M,2017,10,19,14,29,33,557,1292,14000.000,14095.700,0.476,993.211,-5.507,6.7,4095,2807,2058
W M,2017,10,19,14,29,55,557,1292,14000.000,14076.210,0.476,994.586,-5.507,6.7,4095,2760,2070
W M,2017,10,19,14,30,17,558,1292,14000.000,14097.805,0.462,993.062,-5.507,6.7,4095,2771,2075
W M,2017,10,19,14,30,39,557,1292,14000.000,14089.000,0.466,993.683,-5.507,6.7,4095,2638,2050
W M,2017,10,19,14,31,01,557,1292,13000.001,13080.559,0.469,993.841,-5.507,6.6,4007,2749,2069
W M,2017,10,19,14,31,23,557,1292,14000.000,14055.016,0.481,996.086,-5.507,6.7,4095,2801,2062
W M,2017,10,19,14,31,45,557,1292,13000.001,13043.172,0.464,996.690,-5.507,6.7,4095,2741,2055
W M,2017,10,19,14,32,07,557,1293,13000.001,13017.482,0.457,998.657,-5.507,6.7,4095,2782,2080
W M,2017,10,19,17,25,45,495,1205,-1250000.000,-1212298.125,5.867,1031.099,-6.505,6.7,4095,2546,1943
W M,2017,10,19,17,26,07,557,1357,-1250000.000,-1211158.625,6.195,1032.070,-5.624,6.8,4095,2560,1924
W M,2017,10,19,17,26,29,557,1355,0.000,0.000,6.511,1032.823,-4.862,6.7,4095,2617,1929
W M,2017,10,19,17,26,51,559,1355,0.000,0.000,6.845,1033.536,-4.216,6.7,4095,2525,1910
W M,2017,10,19,17,27,13,557,1355,0.000,0.000,7.089,1033.866,-3.630,6.7,4095,2578,1959
W M,2017,10,21,14,45,29,534,1314,-1250000.000,-1223664.375,8.514,1021.522,-1.987,6.7,4095,2555,1866
W M,2017,10,21,14,45,51,558,1365,-1250000.000,-1223365.750,8.521,1021.771,-1.400,6.7,4095,2585,1970
W M,2017,10,21,14,46,13,558,1366,0.000,0.000,8.503,1021.649,-1.048,6.7,4095,2555,1951
W M,2017,10,21,14,46,35,558,1365,0.000,0.000,8.464,1021.826,-0.696,6.7,4095,2588,1934
W M,2017,10,21,14,46,57,558,1365,0.000,0.000,8.390,1021.781,-0.461,6.8,4095,2580,1961
W M,2017,10,21,14,47,19,558,1364,0.000,0.000,8.356,1021.753,-0.226,6.7,4095,2627,1955
W M,2017,10,21,14,47,41,558,1364,0.000,0.000,8.327,1021.871,-0.050,6.7,4095,2581,1929
W M,2017,10,21,14,48,03,558,1363,0.000,0.000,8.285,1021.805,0.067,6.7,4095,2637,1962
W M,2017,10,21,14,48,25,558,1363,0.000,0.000,8.250,1021.846,0.184,6.7,4095,2587,1965
W M,2017,10,21,14,48,47,558,1362,0.000,0.000,8.213,1032.332,0.302,6.7,4095,2621,1955
W M,2017,10,21,14,49,09,558,1356,0.000,0.000,8.168,1032.665,0.360,6.7,4095,2577,1960
W M,2017,10,21,14,49,31,558,1350,1000.000,965.065,8.119,1036.200,0.419,6.7,4095,2582,1928
W M,2017,10,21,14,49,53,558,1340,1000.000,973.449,8.043,1027.275,0.419,6.7,4095,2625,1947
W M,2017,10,21,14,50,15,558,1334,2000.000,1950.338,7.963,1025.463,0.360,6.7,4095,2581,1959
W M,2017,10,21,14,50,37,558,1331,3000.000,2935.967,7.837,1021.810,0.302,6.7,4095,2624,1954
W M,2017,10,21,14,50,59,557,1328,3000.000,2936.108,7.702,1021.761,0.243,6.7,4095,2589,1944
W M,2017,10,21,14,51,21,557,1328,3000.000,2935.981,7.576,1021.805,0.126,6.7,4095,2599,1954
W M,2017,10,21,14,51,43,557,1328,3000.000,2921.379,7.422,1026.912,0.067,6.7,4095,2626,1957
W M,2017,10,21,14,52,05,557,1327,3000.000,2921.014,7.273,1027.041,-0.050,6.7,4095,2636,1960
W M,2017,10,21,14,52,27,557,1324,4000.000,3892.697,7.083,1027.565,-0.168,6.7,4095,2569,1929
W M,2017,10,21,14,52,49,557,1321,4000.000,3892.982,6.895,1027.490,-0.344,6.7,4095,2577,1929
W M,2017,10,21,14,53,11,557,1318,5000.000,4865.963,6.667,1027.546,-0.461,6.7,4095,2651,1942
W M,2017,10,21,14,53,33,557,1315,5000.000,4866.056,6.469,1027.526,-0.637,6.7,4095,2550,1923
W M,2017,10,21,14,53,55,557,1312,6000.000,5838.207,6.226,1027.713,-0.754,6.7,4095,2611,1942
W M,2017,10,21,14,54,17,557,1310,7000.000,6813.288,5.974,1027.404,-0.930,6.7,4059,2657,2018
W M,2017,10,21,14,54,39,557,1308,7000.000,6812.672,5.776,1027.497,-1.106,6.7,4019,2704,2039
W M,2017,10,21,14,55,01,557,1305,8000.000,7784.871,5.560,1027.634,-1.282,6.7,4095,2758,2026
W M,2017,10,21,14,55,23,557,1303,9000.000,8759.347,5.345,1027.474,-1.459,6.7,4095,2734,2026
W M,2017,10,21,14,55,45,557,1302,9000.000,8757.321,5.123,1027.712,-1.635,6.7,4095,2701,2049
W M,2017,10,21,14,56,07,557,1299,10000.000,9732.134,4.930,1027.524,-1.752,6.6,4095,2756,2051
W M,2017,10,21,14,56,29,557,1298,11000.000,10704.073,4.740,1027.646,-1.928,6.7,4095,2674,2041
W M,2017,10,21,14,56,51,557,1296,12000.000,11676.616,4.563,1027.695,-2.104,6.7,4095,2778,2057
W M,2017,10,21,14,57,13,557,1294,12000.000,11677.882,4.388,1027.584,-2.221,6.7,4095,2734,2039
W M,2017,10,21,14,57,35,557,1292,13000.001,12649.931,4.235,1027.674,-2.397,6.7,4095,2704,2055
W M,2017,10,21,14,57,57,557,1291,13000.001,12648.963,4.065,1027.752,-2.515,6.7,4095,2729,2046
W M,2017,10,21,14,58,19,557,1289,14000.000,13623.523,3.911,1027.634,-2.632,6.7,4095,2775,2058
W M,2017,10,21,14,58,41,557,1288,14000.000,13624.005,3.772,1027.598,-2.808,6.6,4095,2729,2039
W M,2017,10,21,14,59,03,557,1286,15000.000,14596.513,3.625,1027.643,-2.867,6.7,4095,2739,2045
W M,2017,10,21,14,59,25,557,1284,16000.000,15569.137,3.482,1027.674,-3.043,6.7,4095,2741,2043
W M,2017,10,21,14,59,47,557,1283,17000.000,16544.490,3.368,1027.532,-3.101,6.7,4095,2765,2050
W M,2017,10,21,15,00,09,557,1281,17000.000,16543.886,3.231,1027.570,-3.219,6.7,4095,2748,2057
W M,2017,10,21,15,00,31,557,1280,18000.000,17517.351,3.124,1027.553,-3.336,6.7,4095,2749,2046
W M,2017,10,21,15,00,53,557,1279,18000.000,17515.068,3.024,1027.687,-3.453,6.7,4095,2770,2054
W M,2017,10,21,15,01,15,557,1277,19000.000,18489.376,2.906,1027.617,-3.571,6.6,4095,2748,2052
W M,2017,10,21,15,01,37,557,1276,20000.000,19462.539,2.810,1027.615,-3.630,6.7,4095,2775,2057
W M,2017,10,21,15,01,59,557,1275,20000.000,19465.177,2.704,1027.476,-3.688,6.7,4095,2778,2040
W M,2017,10,21,15,02,21,557,1274,21000.001,20434.261,2.615,1027.686,-3.806,6.6,4095,2756,2038
W M,2017,10,21,15,02,43,557,1272,21000.001,20432.695,2.522,1027.765,-3.864,6.7,4095,2717,2050
W M,2017,10,21,15,03,05,557,1272,22000.000,21410.658,2.443,1027.526,-3.982,6.6,4095,2745,2053
W M,2017,10,21,15,03,27,557,1270,22000.000,21407.474,2.367,1027.678,-4.040,6.7,4095,2711,2063
W M,2017,10,21,15,03,49,557,1269,23000.000,22389.638,2.277,1027.261,-4.099,6.7,4095,2780,2065
W M,2017,10,21,15,04,11,557,1268,23000.000,22377.914,2.217,1027.799,-4.158,6.7,4095,2728,2046
W M,2017,10,21,15,04,33,557,1267,24000.000,23355.289,2.149,1027.604,-4.216,6.6,4095,2778,2043
W M,2017,10,21,15,04,55,557,1266,25000.000,24328.529,2.069,1027.600,-4.275,6.7,4095,2740,2049
W M,2017,10,21,15,05,17,557,1265,25000.000,24328.134,2.017,1027.617,-4.334,6.7,4095,2754,2057
W M,2017,10,21,15,05,39,557,1263,26000.001,25299.259,1.967,1027.698,-4.392,6.7,4095,2788,2068
W M,2017,10,21,15,06,01,557,1262,27000.000,26277.070,1.884,1027.512,-4.451,6.7,4095,2800,2054
W M,2017,10,21,15,06,23,557,1261,27000.000,26276.966,1.835,1027.516,-4.451,6.7,4095,2754,2045
W M,2017,10,21,15,06,45,557,1260,28000.000,27248.349,1.785,1027.585,-4.510,6.7,4095,2783,2069
W M,2017,10,21,15,07,07,557,1259,28000.000,27245.203,1.735,1027.704,-4.568,6.7,4095,2781,2051
W M,2017,10,21,15,07,29,557,1258,29000.000,28219.542,1.693,1027.657,-4.627,6.7,4095,2791,2067
W M,2017,10,21,15,07,51,557,1257,29000.000,28219.482,1.637,1027.659,-4.686,6.7,4095,2731,2070
W M,2017,10,21,15,08,13,557,1256,30000.000,29187.593,1.594,1027.834,-4.686,6.7,4095,2753,2055
W M,2017,10,21,15,08,35,556,1255,30000.000,29212.808,1.552,1026.947,-4.744,6.6,4095,2717,2049
W M,2017,10,21,15,08,57,557,1254,31000.001,30170.794,1.515,1027.484,-4.744,6.7,4095,2777,2073
W M,2017,10,21,15,09,19,557,1253,32000.000,31135.658,1.467,1027.760,-4.803,6.7,4095,2717,2067
W M,2017,10,21,15,09,41,557,1252,32000.000,31133.314,1.441,1027.838,-4.862,6.7,4095,2782,2069
W M,2017,10,21,15,10,03,557,1251,33000.000,32108.929,1.393,1027.751,-4.862,6.7,4095,2749,2053
W M,2017,10,21,15,10,25,557,1250,33000.000,32110.654,1.358,1027.696,-4.920,6.6,4095,2779,2070
W M,2017,10,21,15,10,47,556,1249,34000.000,33081.195,1.341,1027.774,-4.920,6.7,4095,2757,2059
W M,2017,10,21,15,11,09,556,1248,34000.000,33080.992,1.301,1027.781,-4.979,6.7,4095,2755,2063
W M,2017,10,21,15,11,31,557,1247,35000.000,34056.640,1.260,1027.700,-4.979,6.7,4095,2713,2032
W M,2017,10,21,15,11,53,557,1246,36000.000,35030.859,1.229,1027.665,-5.038,6.6,4048,2683,2039
W M,2017,10,21,15,12,15,557,1244,37000.000,35998.156,1.202,1027.830,-5.038,6.6,4095,2742,2064
W M,2017,10,21,15,12,37,556,1244,37000.000,35999.210,1.171,1027.800,-5.096,6.7,4095,2783,2072
W M,2017,10,21,15,12,59,556,1243,37000.000,36001.500,1.142,1027.735,-5.096,6.7,4095,2774,2067
W M,2017,10,21,15,13,21,556,1243,37000.000,35997.296,1.130,1027.855,-5.096,6.7,4095,2712,2046
W M,2017,10,21,15,13,43,556,1242,38000.000,36973.410,1.123,1027.766,-5.096,6.6,4095,2791,2053
W M,2017,10,21,15,14,05,556,1241,39000.000,37953.226,1.082,1027.581,-5.155,6.6,4095,2749,2076
W M,2017,10,21,15,14,27,556,1240,39000.000,37944.507,1.063,1027.817,-5.155,6.6,4095,2779,2052
W M,2017,10,21,15,14,49,556,1239,40000.000,38925.464,1.039,1027.605,-5.155,6.7,4095,2757,2061
W M,2017,10,21,15,15,11,556,1238,41000.000,39893.503,1.016,1027.736,-5.155,6.7,4095,2736,2054
W M,2017,10,21,15,15,33,556,1238,41000.000,39895.257,0.997,1027.691,-5.214,6.6,4095,2709,2046
W M,2017,10,21,15,15,55,556,1237,42000.003,40873.070,0.972,1027.572,-5.214,6.6,4095,2767,2064
W M,2017,10,21,15,16,17,556,1236,42000.003,40861.382,0.956,1027.865,-5.272,6.6,4095,2775,2045
W M,2017,10,21,15,16,39,556,1235,43000.000,41841.984,0.935,1027.676,-5.272,6.7,4095,2744,2055
W M,2017,10,21,15,17,01,556,1234,44000.000,42813.425,0.925,1027.715,-5.272,6.6,4095,2758,2061
W M,2017,10,21,15,17,23,556,1233,44000.000,42811.179,0.915,1027.769,-5.272,6.7,4095,2699,2053
W M,2017,10,21,15,17,45,556,1232,44000.000,42813.218,0.894,1027.720,-5.272,6.7,4095,2777,2063
W M,2017,10,21,15,18,07,556,1232,45000.000,43784.136,0.872,1027.770,-5.331,6.6,4095,2749,2060
W M,2017,10,21,15,18,29,556,1231,45000.000,43786.296,0.868,1027.719,-5.272,6.6,4095,2762,2073
W M,2017,10,21,15,18,51,556,1231,45000.000,43783.257,0.847,1027.790,-5.331,6.6,4095,2757,2060
W M,2017,10,21,15,19,13,556,1230,46000.000,44758.066,0.822,1027.748,-5.331,6.7,4095,2750,2057
W M,2017,10,21,15,19,35,556,1229,47000.003,45726.847,0.816,1027.843,-5.331,6.6,4095,2758,2064
W M,2017,10,21,15,19,57,556,1228,48000.000,46705.296,0.808,1027.721,-5.390,6.7,4095,2790,2073
W M,2017,10,21,15,20,19,556,1227,48000.000,46704.238,0.780,1027.744,-5.390,6.7,4095,2753,2075
W M,2017,10,21,15,20,41,556,1227,49000.000,47674.468,0.783,1027.804,-5.390,6.7,4095,2792,2075
W M,2017,10,21,15,21,03,556,1226,49000.000,47674.437,0.762,1027.804,-5.390,6.6,4095,2736,2080
W M,2017,10,21,15,21,25,556,1226,49000.000,47668.765,0.765,1027.927,-5.390,6.7,4095,2785,2053
W M,2017,10,21,15,21,47,556,1225,49000.000,47681.562,0.751,1027.651,-5.390,6.6,4095,2786,2064
W M,2017,10,21,15,22,09,556,1224,50000.000,48643.914,0.723,1027.878,-5.390,6.6,4095,2766,2059
W M,2017,10,21,15,22,31,556,1224,50000.000,48649.160,0.717,1027.767,-5.390,6.6,4066,2695,2053
W M,2017,10,21,15,22,53,556,1222,52000.003,50600.148,0.720,1027.665,-5.390,6.6,4061,2692,2037
W M,2017,10,21,15,23,15,556,1222,52000.003,50592.511,0.726,1027.820,-5.448,6.6,4095,2672,2063
W M,2017,10,21,15,23,37,556,1221,52000.003,50590.183,0.707,1027.867,-5.390,6.6,4095,2670,2033
W M,2017,10,21,15,23,59,556,1221,53000.000,51559.886,0.693,1027.931,-5.448,6.6,4029,2701,2039
W M,2017,10,21,15,24,21,556,1220,53000.000,51561.898,0.682,1027.891,-5.448,6.6,4011,2705,2053
W M,2017,10,21,15,24,43,556,1219,54000.000,52540.800,0.687,1027.773,-5.448,6.7,4095,2782,2070
W M,2017,10,21,15,25,05,556,1219,54000.000,52534.023,0.672,1027.905,-5.448,6.6,4095,2761,2078
W M,2017,10,21,15,25,27,556,1218,55000.000,53503.656,0.659,1027.967,-5.448,6.7,4095,2719,2042
W M,2017,10,21,15,25,49,556,1217,56000.000,54476.175,0.652,1027.972,-5.448,6.6,4095,2786,2065
W M,2017,10,21,15,26,11,556,1217,56000.000,54477.820,0.659,1027.941,-5.448,6.6,4095,2776,2077
W M,2017,10,21,15,26,33,556,1216,56000.000,54478.808,0.649,1027.923,-5.448,6.6,4095,2778,2073
W M,2017,10,21,15,26,55,556,1216,57000.003,55449.179,0.633,1027.968,-5.448,6.6,4095,2761,2085
W M,2017,10,21,15,27,17,555,1214,57000.003,55461.316,0.635,1027.743,-5.448,6.6,4095,2768,2075
W M,2017,10,21,15,27,39,556,1214,58000.000,56425.519,0.633,1027.904,-5.448,6.6,4095,2723,2074
W M,2017,10,21,15,28,01,556,1213,58000.000,56420.863,0.622,1027.989,-5.507,6.6,4095,2750,2056
W M,2017,10,21,15,28,23,555,1213,58000.000,56410.960,0.616,1028.169,-5.507,6.6,4095,2763,2084
W M,2017,10,21,15,28,45,555,1212,59000.000,57393.144,0.617,1027.997,-5.507,6.6,4095,2741,2077
W M,2017,10,21,15,29,07,556,1212,60000.000,58371.011,0.611,1027.907,-5.507,6.6,4095,2783,2065
W M,2017,10,21,15,29,29,556,1211,60000.000,58367.070,0.605,1027.977,-5.507,6.6,4095,2654,2056
W M,2017,10,21,15,29,51,556,1211,60000.000,58370.359,0.612,1027.919,-5.507,6.6,4095,2741,2059
W M,2017,10,21,15,30,13,556,1210,61000.000,59332.843,0.597,1028.098,-5.507,6.6,4034,2641,2055
W M,2017,10,21,15,30,35,555,1209,61000.000,59342.398,0.597,1027.933,-5.507,6.6,4095,2697,2039
W M,2017,10,21,15,30,57,556,1209,62000.003,60314.953,0.586,1027.937,-5.507,6.6,4050,2716,2042
W M,2017,10,21,15,31,19,555,1208,62000.003,60315.500,0.605,1027.928,-5.507,6.6,4009,2706,2035
W M,2017,10,21,15,31,41,555,1207,63000.000,61279.687,0.591,1028.073,-5.507,6.6,4095,2739,2044
W M,2017,10,21,15,32,03,555,1206,64000.000,62253.859,0.561,1028.049,-5.507,6.6,3984,2694,2048
W M,2017,10,21,15,32,25,555,1206,64000.000,62253.476,0.571,1028.055,-5.507,6.7,4095,2726,2055
W M,2017,10,21,15,32,47,555,1206,64000.000,62257.246,0.559,1027.993,-5.507,6.6,4095,2760,2059
W M,2017,10,21,15,33,09,555,1205,65000.000,63225.039,0.568,1028.074,-5.507,6.6,4095,2654,2043
W M,2017,10,21,15,33,31,555,1205,65000.000,63229.550,0.559,1028.000,-5.507,6.7,4061,2706,2042
W M,2017,10,21,15,33,53,555,1204,66000.000,64200.785,0.567,1028.025,-5.507,6.6,4019,2661,2047
W M,2017,10,21,15,34,15,555,1204,67000.000,65167.375,0.550,1028.122,-5.507,6.6,4009,2686,2064
W M,2017,10,21,15,34,37,555,1203,67000.000,65169.750,0.560,1028.084,-5.507,6.6,4095,2683,2046
W M,2017,10,21,15,34,59,555,1202,67000.000,65171.777,0.538,1028.052,-5.507,6.6,4038,2686,2048
W M,2017,10,21,15,35,21,555,1202,67000.000,65168.937,0.553,1028.097,-5.507,6.6,4011,2648,2028
W M,2017,10,21,15,35,43,555,1201,68000.000,66156.343,0.558,1027.868,-5.507,6.6,4095,2650,2026
W M,2017,10,21,15,36,05,555,1201,68000.000,66144.687,0.542,1028.049,-5.507,6.6,4042,2707,2055
W M,2017,10,21,15,36,27,555,1200,69000.000,67111.203,0.542,1028.144,-5.566,6.6,4095,2656,2028
W M,2017,10,21,15,36,49,555,1200,69000.000,67113.187,0.539,1028.114,-5.507,6.6,4095,2749,2071
W M,2017,10,21,15,37,11,555,1199,69000.000,67115.726,0.547,1028.075,-5.566,6.6,4095,2674,2047
W M,2017,10,21,15,37,33,555,1199,70000.000,68101.773,0.539,1027.873,-5.507,6.6,4095,2784,2050
W M,2017,10,21,15,37,55,555,1198,70000.000,68085.171,0.553,1028.124,-5.507,6.6,4095,2724,2053
W M,2017,10,21,15,38,17,555,1197,71000.000,69061.398,0.528,1028.071,-5.566,6.6,4095,2658,2031
W M,2017,10,21,15,38,39,555,1197,72000.000,70036.054,0.539,1028.042,-5.566,6.6,4095,2708,2048
W M,2017,10,21,15,39,01,555,1196,72000.000,70032.421,0.527,1028.095,-5.507,6.6,4095,2727,2030
W M,2017,10,21,15,39,23,555,1196,72000.000,70028.500,0.513,1028.153,-5.507,6.6,4045,2713,2059
W M,2017,10,21,15,39,45,555,1195,73000.000,71000.546,0.541,1028.161,-5.566,6.6,4095,2698,2045
W M,2017,10,21,15,40,07,555,1195,74000.000,71979.070,0.532,1028.077,-5.566,6.6,4095,2717,2051
W M,2017,10,21,15,40,29,555,1195,74000.000,71985.718,0.536,1027.982,-5.566,6.6,4095,2746,2053
W M,2017,10,21,15,40,51,555,1194,75000.000,72964.453,0.528,1027.898,-5.507,6.6,4095,2687,2046
W M,2017,10,21,15,41,13,555,1193,75000.000,72956.656,0.505,1028.008,-5.566,6.6,4095,2678,2038
W M,2017,10,21,15,41,35,555,1193,75000.000,72954.710,0.520,1028.035,-5.507,6.6,4095,2715,2054
W M,2017,10,21,15,41,57,555,1193,75000.000,72950.531,0.532,1028.094,-5.566,6.6,4095,2721,2045
W M,2017,10,21,15,42,19,555,1192,76000.000,73930.906,0.537,1027.987,-5.507,6.6,4095,2679,2026
W M,2017,10,21,15,42,41,555,1192,76000.000,73929.460,0.513,1028.007,-5.566,6.6,4095,2713,2042
W M,2017,10,21,15,43,03,555,1191,77000.000,74890.195,0.523,1028.172,-5.566,6.6,4036,2688,2042
W M,2017,10,21,15,43,25,555,1191,77000.000,74901.226,0.531,1028.020,-5.507,6.6,4095,2644,2027
W M,2017,10,21,15,43,47,555,1190,78000.000,75878.359,0.525,1027.961,-5.566,6.6,4095,2760,2036
W M,2017,10,21,15,44,09,555,1190,78000.000,75871.570,0.515,1028.053,-5.566,6.6,4015,2659,2037
W M,2017,10,21,15,44,31,555,1189,79000.000,76850.195,0.505,1027.974,-5.566,6.6,4095,2725,2056
W M,2017,10,21,15,44,53,555,1188,79000.000,76848.039,0.520,1028.003,-5.566,6.6,4095,2704,2066
W M,2017,10,21,15,45,15,554,1188,79000.000,76838.945,0.521,1028.125,-5.566,6.6,4095,2796,2055
W M,2017,10,21,15,45,37,555,1188,80000.000,77805.351,0.515,1028.207,-5.507,6.6,4095,2782,2072
W M,2017,10,21,15,45,59,555,1188,80000.000,77811.984,0.524,1028.119,-5.566,6.5,4095,2754,2083
W M,2017,10,21,15,46,21,554,1187,80000.000,77810.265,0.519,1028.142,-5.566,6.6,4095,2774,2064
W M,2017,10,21,15,46,43,555,1186,81000.000,78791.250,0.527,1028.033,-5.566,6.6,4095,2728,2079
W M,2017,10,21,15,47,05,554,1186,81000.000,78789.890,0.505,1028.051,-5.566,6.6,4095,2761,2069
W M,2017,10,21,15,47,27,554,1185,81000.000,78781.382,0.504,1028.162,-5.566,6.6,4095,2754,2057
W M,2017,10,21,15,47,49,554,1185,82000.000,79761.601,0.510,1028.064,-5.566,6.6,4095,2726,2054
W M,2017,10,21,15,48,11,555,1184,83000.000,80724.515,0.511,1028.188,-5.566,6.6,4095,2755,2069
W M,2017,10,21,15,48,33,555,1184,83000.000,80738.867,0.492,1028.005,-5.566,6.6,4095,2766,2068
W M,2017,10,21,15,48,55,554,1184,83000.000,80733.093,0.500,1028.079,-5.566,6.6,4095,2763,2064
W M,2017,10,21,15,49,17,555,1184,84000.007,81698.906,0.500,1028.166,-5.566,6.6,4095,2800,2059
W M,2017,10,21,15,49,39,555,1183,84000.007,81705.335,0.510,1028.085,-5.566,6.6,4095,2775,2058
W M,2017,10,21,15,50,01,554,1183,84000.007,81706.968,0.506,1028.064,-5.566,6.6,4095,2747,2059
W M,2017,10,21,15,50,23,555,1182,85000.000,82674.851,0.488,1028.124,-5.566,6.6,4095,2754,2078
W M,2017,10,21,15,50,45,554,1182,85000.000,82675.750,0.496,1028.113,-5.566,6.6,4095,2745,2065
W M,2017,10,21,15,51,07,554,1181,86000.000,83635.640,0.493,1028.270,-5.566,6.6,4029,2694,2028
W M,2017,10,21,15,51,29,554,1181,86000.000,83647.476,0.469,1028.124,-5.566,6.6,4095,2763,2060
W M,2017,10,21,15,51,51,554,1181,86000.000,83642.796,0.486,1028.182,-5.507,6.6,4018,2701,2053
W M,2017,10,21,15,52,13,554,1180,87000.000,84610.445,0.491,1028.242,-5.566,6.6,4093,2750,2056
W M,2017,10,21,15,52,35,554,1180,87000.000,84605.984,0.495,1028.296,-5.566,6.6,4095,2794,2057
W M,2017,10,21,15,52,57,554,1179,87000.000,84626.343,0.477,1028.049,-5.566,6.6,4095,2750,2079
W M,2017,10,21,15,53,19,554,1179,88000.000,85599.070,0.488,1028.049,-5.566,6.6,4095,2771,2054
W M,2017,10,21,15,53,41,554,1178,88000.000,85599.898,0.477,1028.039,-5.566,6.6,4079,2701,2043
W M,2017,10,21,15,54,03,554,1178,88000.000,85600.523,0.474,1028.031,-5.566,6.5,4095,2647,2060
W M,2017,10,21,15,54,25,554,1178,89000.007,86572.507,0.480,1028.040,-5.566,6.6,4095,2729,2062
W M,2017,10,21,15,54,47,554,1178,89000.007,87090.125,0.468,1021.930,-5.566,6.5,4095,2638,2027
W M,2017,10,21,15,55,09,554,1178,89000.007,87062.960,0.486,1022.249,-5.566,6.6,4095,2738,2058
W M,2017,10,21,15,55,31,554,1180,87000.000,85101.148,0.477,1022.313,-5.566,6.5,4015,2661,2055
W M,2017,10,21,15,55,53,554,1183,84000.007,82176.835,0.474,1022.186,-5.566,6.6,4095,2712,2066
W M,2017,10,21,15,56,15,554,1186,79000.000,77280.695,0.489,1022.247,-5.507,6.6,4095,2731,2059
W M,2017,10,21,15,56,37,554,1189,78000.000,76297.148,0.505,1022.319,-5.507,6.6,4095,2712,2034
W M,2017,10,21,15,56,59,555,1191,77000.000,75335.695,0.503,1022.092,-5.507,6.6,4095,2736,2054
W M,2017,10,21,15,57,21,555,1193,76000.000,74341.179,0.524,1022.314,-5.507,6.6,4095,2763,2070
W M,2017,10,21,15,57,43,555,1196,73000.000,71414.062,0.535,1022.208,-5.448,6.6,4095,2730,2052
W M,2017,10,21,15,58,05,555,1198,71000.000,69440.859,0.595,1022.453,-5.448,6.6,4095,2806,2082
W M,2017,10,21,15,58,27,555,1201,68000.000,66508.343,0.629,1022.428,-5.390,6.6,4095,2753,2059
W M,2017,10,21,17,35,38,365,824,-1250000.000,-1222859.250,5.077,1022.195,-5.801,6.6,4095,2584,1957
W M,2017,10,21,17,36,00,557,1348,-1250000.000,-1222637.250,5.181,1022.380,-5.155,6.6,4095,2639,1937
W M,2017,10,21,17,36,22,553,1347,0.000,0.000,5.314,1022.295,-4.686,6.6,4095,2651,1965

Finished.


***************************************************************************************
  1) START sampling mode                                    6) Print status banner
  2) STOP sampling                                          7) Pressure and temperature
  3) Setup sampling

  4) View logged data                                       t) Set clock time
  5) Erase logged data                                      b) Set baud rate
                                                            f) Restore factory defaults

  s) Single sample acquisition in command mode
***************************************************************************************

>>